13:04:40 **** Incremental Build of configuration Debug for project 03_4Digit_7Segment ****
make -j12 all 
arm-none-eabi-gcc -o "03_4Digit_7Segment.elf" @"objects.list"   -mcpu=cortex-m4 -T"/home/raunak-kar/Learning/Embedded_systems/Embedded_Systems_Using_STM32_Mazidi/03_4Digit_7Segment/STM32F446RETX_FLASH.ld" --specs=nosys.specs -Wl,-Map="03_4Digit_7Segment.map" -Wl,--gc-sections -static --specs=nano.specs -mfpu=fpv4-sp-d16 -mfloat-abi=hard -mthumb -Wl,--start-group -lc -lm -Wl,--end-group
/opt/st/stm32cubeide_2.0.0/plugins/com.st.stm32cube.ide.mcu.externaltools.gnu-tools-for-stm32.13.3.rel1.linux64_1.0.100.202509120712/tools/bin/../lib/gcc/arm-none-eabi/13.3.1/../../../../arm-none-eabi/bin/ld: ./Src/seven_segment.o:/home/raunak-kar/Learning/Embedded_systems/Embedded_Systems_Using_STM32_Mazidi/03_4Digit_7Segment/Debug/../Inc/characters.h:4: multiple definition of `characters'; ./Src/main.o:/home/raunak-kar/Learning/Embedded_systems/Embedded_Systems_Using_STM32_Mazidi/03_4Digit_7Segment/Debug/../Inc/characters.h:4: first defined here
/opt/st/stm32cubeide_2.0.0/plugins/com.st.stm32cube.ide.mcu.externaltools.gnu-tools-for-stm32.13.3.rel1.linux64_1.0.100.202509120712/tools/bin/../lib/gcc/arm-none-eabi/13.3.1/../../../../arm-none-eabi/bin/ld: ./Src/seven_segment.o:/home/raunak-kar/Learning/Embedded_systems/Embedded_Systems_Using_STM32_Mazidi/03_4Digit_7Segment/Debug/../Inc/characters.h:26: multiple definition of `hex_values'; ./Src/main.o:/home/raunak-kar/Learning/Embedded_systems/Embedded_Systems_Using_STM32_Mazidi/03_4Digit_7Segment/Debug/../Inc/characters.h:26: first defined here
collect2: error: ld returned 1 exit status
make: *** [makefile:63: 03_4Digit_7Segment.elf] Error 1
"make -j12 all" terminated with exit code 2. Build might be incomplete.

13:04:40 Build Failed. 3 errors, 0 warnings. (took 214ms)

